|SourceProjectName:occproject.hpr
|DestinationProjectName:index.htm
whhost.js
whmsg.js
whmozemu.js
whproxy.js
whstub.js
whutils.js
whver.js
whform.js
whphost.js
whstart.js
whtopic.js
whframes.js
whlang.js
whskin_info.htm
whskin_blank.htm
whskin_pickup.htm
whskin_homepage.htm
whskin_tw.htm
whnjs.htm
whthost.js
whtdhtml.htm
whihost.js
whibody.htm
whiform.htm
whfhost.js
whfbody.htm
whfform.htm
whghost.js
whgbody.htm
whgdhtml.htm
whgdef.htm
whproj.js
whproj.xml
whproj.htm
whxdata\whtoc.xml
whxdata\whidx.xml
whxdata\whfts.xml
whxdata\whglo.xml
whdata\whtoc.js
whdata\whtoc.htm
whdata\whtdata.js
whdata\whidx.js
whdata\whidx.htm
whdata\whidata.js
whdata\whfts.js
whdata\whfts.htm
whdata\whglo.js
whdata\whglo.htm
whdata\whgdata.js
whdata\whftdata.js
whdata\whfwdata.js
whres.xml
WebHelp.jar
WebHelp.cab
whgdata\whnvp30.htm
whgdata\whnvp31.htm
whgdata\whnvp32.htm
whgdata\whnvp33.htm
whgdata\whnvt30.htm
whgdata\whnvt31.htm
whgdata\whnvt32.htm
whgdata\whnvt33.htm
whgdata\whnvf30.htm
whgdata\whnvf31.htm
whgdata\whnvf32.htm
whgdata\whnvf33.htm
whgdata\whnvl31.htm
whgdata\whnvl32.htm
whgdata\whnvl33.htm
whgdata\whexpbar.gif
cshdat_webhelp.htm
whcsh_home.htm
whcshdata.htm
cshdat_robohelp.htm
whd_topic.xml
whd_nvp10.htm
whd_nvp20.htm
whd_tabs.htm
whd_dpns.htm
whd_tab0.gif
whd_tab1.gif
whd_tab2.gif
whd_tab3.gif
whd_tab4.gif
whd_tab5.gif
whd_tab6.gif
whd_tab7.gif
whd_tab8.gif
whd_toc1.gif
whd_toc2.gif
whd_toc3.gif
whd_toc4.gif
whd_show0.gif
whd_show1.gif
whd_show2.gif
whd_hide0.gif
whd_hide1.gif
whd_hide2.gif
whd_sync0.gif
whd_sync1.gif
whd_sync2.gif
whd_prev0.gif
whd_prev1.gif
whd_prev2.gif
whd_next0.gif
whd_next1.gif
whd_next2.gif
whd_wbsh0.gif
whd_wbsh1.gif
whd_wbsh2.gif
whidhtml.htm
whfdhtml.htm
index_hha.hhk
index.hhc
index.hhk
Adaptor_Curves_and_Surfaces.htm
Adding_and_Removing_Objects_from_Selections.htm
Available_distributive_of_OCCT_3rdparty_products.htm
Building_Tools_Generation.htm
Casting_shape_handle_to_void.htm
Change_graphic_attributes_of_an_interactive_object.htm
Computing_curve_length.htm
Connecting_Faces.htm
Coordinates_of_a_Vertex.htm
Copyright.htm
Curve_approximation_with_respect_to_tangencies.htm
Detect_overlapped_objects.htm
development_tools\draw.htm
development_tools\user_s_guide_cdl_.htm
Dump_a_scene_from_the_viewer.htm
Dynamic_library_loading_problem.htm
Exploring_a_Wire.htm
Extract_underlying_geometry_from_shapes.htm
FreeImage_3.14.1.htm
Freetype_2.3.7.htm
FTGL_2.1.2.htm
General_Definitions.htm
Get_mouse_coordinates_in_3D_view.htm
gl2ps_1.3.5.htm
How_to_cut,_copy_and_paste_inside_a_document.htm
How_to_define_a_handled_object_without_CDL.htm
How_to_start_working_with_OCAF.htm
How_to_test_correct_ending_of_OCCT_algorithms_.htm
Memory_Management.htm
Merging_bspline_curves.htm
New_features__New_collection_types.htm
New_Interactive_Services_(NIS).htm
Open_CASCADE_documentation.htm
Plane_approximating_a_set_of_points.htm
Plugin_File.htm
Resource_File.htm
Solids_Orientation.htm
State_of_a_Point_in_a_Solid.htm
Surface_Concavity.htm
Technical_Object.htm
technical_overview\application_framework\application_framework.htm
technical_overview\application_framework\data_attributes\data_attributes_overview.htm
technical_overview\application_framework\data_attributes\function_attributes.htm
technical_overview\application_framework\data_attributes\shape_attibutes.htm
technical_overview\application_framework\data_attributes\standard_attributes.htm
technical_overview\application_framework\data_framework.htm
technical_overview\application_framework\data_storage_and_persistent_collections\data_storage.htm
technical_overview\application_framework\data_storage_and_persistent_collections\overview_data_storage.htm
technical_overview\application_framework\data_storage_and_persistent_collections\persistent_collections.htm
technical_overview\application_framework\data_storage_and_persistent_collections\persistent_geometry.htm
technical_overview\application_framework\data_storage_and_persistent_collections\persistent_topology.htm
technical_overview\application_framework\ldom_package_for_xml\attribute_drivers\attribute_drivers.htm
technical_overview\application_framework\ldom_package_for_xml\document_drivers\overview_stor_driver.htm
technical_overview\application_framework\ldom_package_for_xml\ldom_implementation\ldom_package.htm
technical_overview\application_framework\ldom_package_for_xml\xml_document_structure\xml_document_structure.htm
technical_overview\application_framework\ldom_package_for_xml\xml_schema\xml_schema.htm
technical_overview\application_framework\standard_documents.htm
technical_overview\data_exchange\data_exchange.htm
technical_overview\data_exchange\overview.htm
technical_overview\data_exchange\p_60_1.htm
technical_overview\data_exchange\p_61_1.htm
technical_overview\data_exchange\vrmlapioverview.htm
technical_overview\foundation_classes\foundation_classes.htm
technical_overview\foundation_classes\kernel\ncollections\instantiation_of_ncollection_classes\p_80_2_1.htm
technical_overview\foundation_classes\kernel\ncollections\instantiation_of_ncollection_classes\p_80_2_2.htm
technical_overview\foundation_classes\kernel\ncollections\instantiation_of_ncollection_classes\p_80_2_3.htm
technical_overview\foundation_classes\kernel\ncollections\new_features\p_80_3_1.htm
technical_overview\foundation_classes\kernel\ncollections\new_features\p_80_3_2.htm
technical_overview\foundation_classes\kernel\ncollections\new_features\p_80_3_3.htm
technical_overview\foundation_classes\kernel\ncollections\new_features\p_80_3_4.htm
technical_overview\foundation_classes\kernel\ncollections\p_80_1.htm
technical_overview\foundation_classes\kernel\p_1_1.htm
technical_overview\foundation_classes\kernel\p_2_1.htm
technical_overview\foundation_classes\kernel\p_3_1.htm
technical_overview\foundation_classes\kernel\p_4_1.htm
technical_overview\foundation_classes\kernel\p_5_1.htm
technical_overview\foundation_classes\kernel\p_6_1.htm
technical_overview\foundation_classes\math_utilities\p_7_1.htm
technical_overview\foundation_classes\math_utilities\p_8_1.htm
technical_overview\modeling_algorithms\boolean_operations\p_38_1_nbo.htm
technical_overview\modeling_algorithms\geometric_tools\p_30_1.htm
technical_overview\modeling_algorithms\geometric_tools\p_31_1.htm
technical_overview\modeling_algorithms\geometric_tools\p_32_1.htm
technical_overview\modeling_algorithms\geometric_tools\p_33_1.htm
technical_overview\modeling_algorithms\geometric_tools\p_34_1.htm
technical_overview\modeling_algorithms\modeling_algorithms.htm
technical_overview\modeling_algorithms\p_37_1.htm
technical_overview\modeling_algorithms\p_41_1.htm
technical_overview\modeling_algorithms\p_42_1.htm
technical_overview\modeling_algorithms\topological_tools\p_35_1.htm
technical_overview\modeling_data\2d_geometry\p_19_1.htm
technical_overview\modeling_data\3d_geometry\p_22_1.htm
technical_overview\modeling_data\3d_geometry\p_25_1.htm
technical_overview\modeling_data\geometry_utilities\p_14_1.htm
technical_overview\modeling_data\geometry_utilities\p_14_10_3.htm
technical_overview\modeling_data\geometry_utilities\p_15_1.htm
technical_overview\modeling_data\geometry_utilities\p_16_1.htm
technical_overview\modeling_data\geometry_utilities\p_17_1.htm
technical_overview\modeling_data\geometry_utilities\p_18_1.htm
technical_overview\modeling_data\modeling_data.htm
technical_overview\modeling_data\topology\p_27_1.htm
technical_overview\modeling_data\topology\p_28_1.htm
technical_overview\modeling_data\topology\p_29_1.htm
technical_overview\overview_of_object_libraries.htm
technical_overview\visualization\2d_visualization\p_47_1.htm
technical_overview\visualization\2d_visualization\p_48_1.htm
technical_overview\visualization\2d_visualization\p_49_1.htm
technical_overview\visualization\2d_visualization\p_53_99.htm
technical_overview\visualization\3d_visualization\meshvs_overview.htm
technical_overview\visualization\3d_visualization\p_50_1.htm
technical_overview\visualization\3d_visualization\p_51_1.htm
technical_overview\visualization\3d_visualization\p_52_1.htm
technical_overview\visualization\3d_visualization\p_53_1.htm
technical_overview\visualization\3d_visualization\p_54_1.htm
technical_overview\visualization\3d_visualization\p_55_1.htm
technical_overview\visualization\3d_visualization\p_56_1.htm
technical_overview\visualization\3d_visualization\p_57_1.htm
technical_overview\visualization\3d_visualization\p_58_1.htm
technical_overview\visualization\common_services\p_43_1.htm
technical_overview\visualization\common_services\p_45_1.htm
technical_overview\visualization\common_services\p_46_1.htm
technical_overview\visualization\visualization.htm
User_s_Guise_(Shape_Healing).htm
Using_Visual_C++_environment_with_OCCT.htm
Voxels.htm
welcome_to_open_cascade_technology\building_modules\building_modules.htm
welcome_to_open_cascade_technology\getting_started\experimenting_with_test_harness_draw_.htm
welcome_to_open_cascade_technology\getting_started\programming_samples\c_sharp.htm
welcome_to_open_cascade_technology\getting_started\programming_samples\mfc.htm
welcome_to_open_cascade_technology\getting_started\programming_samples\qt.htm
welcome_to_open_cascade_technology\hardware_and_software_requirements\linux_intel_.htm
welcome_to_open_cascade_technology\hardware_and_software_requirements\windows_intel_.htm
welcome_to_open_cascade_technology\open_cascade_installation\open_cascade_installation.htm
welcome_to_open_cascade_technology\open_cascade_installation\system_environment_variables.htm
welcome_to_open_cascade_technology\release_notes\release_notes.htm
Welcome_to_Open_CASCADE_Technology.htm
When_is_it_necessary_to_use_a_handle_.htm
eHelp.xml
RoboHHRE.lng
index.glo
html_ns_ns_nc.css
image14.jpg
image\ma.gif
image\shapeattrib.gif
image\occ_0005.gif
image15.jpg
image\af.gif
image\occ_0006.gif
image16.jpg
image\linux.gif
image\occquadritransparent02.gif
image\occ_0007.gif
image17.jpg
image\over.gif
image\md.gif
image\occ_0008.gif
image18.jpg
image19.jpg
image1.gif
image4.jpg
image\viz.gif
image\c__ie.gif
image5.jpg
image6.jpg
image\occttransparent.gif
image7.jpg
building.png
image\fc.gif
installation.png
image\windows.gif
image9.jpg
image\occ_0065.gif
image\draw.gif
image20.jpg
image\occ_0066.gif
image21.jpg
image10.jpg
image\occ_0067.gif
image22.jpg
image\de.gif
image\occ_0068.gif
image\mvc.gif
image23.jpg
image12.jpg
image\qt.gif
image24.jpg
ehlpdhtm.js
index.ppf
html_ns_ns_nc_ns.css
whxdata\whtdata0.xml
whxdata\whftdata0.xml
whxdata\whfwdata0.xml
whdata\whtdata0.htm
whdata\whftdata0.htm
whdata\whfwdata0.htm
whgdata\whlstt0.htm
whgdata\whlstt1.htm
whgdata\whlstt2.htm
whgdata\whlstt3.htm
whgdata\whlstt4.htm
whgdata\whlstt5.htm
whgdata\whlstt6.htm
whgdata\whlstt7.htm
whgdata\whlstt8.htm
whgdata\whlstt9.htm
whgdata\whlstt10.htm
whgdata\whlstt11.htm
whgdata\whlstt12.htm
whgdata\whlstt13.htm
whgdata\whlstt14.htm
whgdata\whlstt15.htm
whgdata\whlstt16.htm
whgdata\whlstt17.htm
whgdata\whlstt18.htm
whgdata\whlstt19.htm
whgdata\whlstt20.htm
whgdata\whlstt21.htm
whgdata\whlstt22.htm
whgdata\whlstt23.htm
whgdata\whlstt24.htm
whgdata\whlstt25.htm
whgdata\whlstt26.htm
whgdata\whlstt27.htm
whgdata\whlstt28.htm
whgdata\whlstt29.htm
whgdata\whlstt30.htm
whgdata\whlstt31.htm
whgdata\whlstt32.htm
whgdata\whlstt33.htm
whgdata\whlstt34.htm
whgdata\whlstt35.htm
whgdata\whlstt36.htm
whgdata\whlsti0.htm
whgdata\whlstfl0.htm
whgdata\whlstfl1.htm
whgdata\whlstfl2.htm
whgdata\whlstfl3.htm
whgdata\whlstfl4.htm
whgdata\whlstfl5.htm
whgdata\whlstfl6.htm
whgdata\whlstfl7.htm
whgdata\whlstfl8.htm
whgdata\whlstfl9.htm
whgdata\whlstfl10.htm
whgdata\whlstfl11.htm
whgdata\whlstfl12.htm
whgdata\whlstfl13.htm
whgdata\whlstfl14.htm
whgdata\whlstfl15.htm
whgdata\whlstfl16.htm
whgdata\whlstfl17.htm
whgdata\whlstfl18.htm
whgdata\whlstfl19.htm
whgdata\whlstfl20.htm
whgdata\whlstfl21.htm
whgdata\whlstfl22.htm
whgdata\whlstfl23.htm
whgdata\whlstfl24.htm
whgdata\whlstfl25.htm
whgdata\whlstfl26.htm
whgdata\whlstf0.htm
whgdata\whlstf1.htm
whgdata\whlstf2.htm
whgdata\whlstf3.htm
whgdata\whlstf4.htm
whgdata\whlstf5.htm
whgdata\whlstf6.htm
whgdata\whlstf7.htm
whgdata\whlstf8.htm
whgdata\whlstf9.htm
whgdata\whlstf10.htm
whgdata\whlstf11.htm
whgdata\whlstf12.htm
whgdata\whlstf13.htm
whgdata\whlstf14.htm
whgdata\whlstf15.htm
whgdata\whlstf16.htm
whgdata\whlstf17.htm
whgdata\whlstf18.htm
whgdata\whlstf19.htm
whgdata\whlstf20.htm
whgdata\whlstf21.htm
whgdata\whlstf22.htm
whgdata\whlstf23.htm
whgdata\whlstf24.htm
whgdata\whlstf25.htm
whgdata\whlstf26.htm
whgdata\whlstf27.htm
whgdata\whlstf28.htm
whgdata\whlstg0.htm
index.htm
index_csh.htm
index_rhc.htm
